<?xml version="1.0" encoding="UTF-8"?>
<testsuite xmlns:xsi="http://www.w3.org/2001/XMLSchema-instance" xsi:noNamespaceSchemaLocation="https://maven.apache.org/surefire/maven-surefire-plugin/xsd/surefire-test-report-3.0.xsd" version="3.0" name="com.example.crudapp.CrudAppApplicationTests" time="0.86" tests="1" errors="0" skipped="0" failures="0">
  <properties>
    <property name="java.specification.version" value="17"/>
    <property name="sun.cpu.isalist" value="amd64"/>
    <property name="sun.jnu.encoding" value="Cp1252"/>
    <property name="java.class.path" value="c:\Users\kdyha\Documents\VScodes\prueba_tecnica\crud-app\target\test-classes;c:\Users\kdyha\Documents\VScodes\prueba_tecnica\crud-app\target\classes;C:\Users\kdyha\.m2\repository\org\springframework\boot\spring-boot-starter-web\3.0.0\spring-boot-starter-web-3.0.0.jar;C:\Users\kdyha\.m2\repository\org\springframework\boot\spring-boot-starter\3.0.0\spring-boot-starter-3.0.0.jar;C:\Users\kdyha\.m2\repository\org\springframework\boot\spring-boot\3.0.0\spring-boot-3.0.0.jar;C:\Users\kdyha\.m2\repository\org\springframework\boot\spring-boot-autoconfigure\3.0.0\spring-boot-autoconfigure-3.0.0.jar;C:\Users\kdyha\.m2\repository\org\springframework\boot\spring-boot-starter-logging\3.0.0\spring-boot-starter-logging-3.0.0.jar;C:\Users\kdyha\.m2\repository\ch\qos\logback\logback-classic\1.4.5\logback-classic-1.4.5.jar;C:\Users\kdyha\.m2\repository\ch\qos\logback\logback-core\1.4.5\logback-core-1.4.5.jar;C:\Users\kdyha\.m2\repository\org\apache\logging\log4j\log4j-to-slf4j\2.19.0\log4j-to-slf4j-2.19.0.jar;C:\Users\kdyha\.m2\repository\org\apache\logging\log4j\log4j-api\2.19.0\log4j-api-2.19.0.jar;C:\Users\kdyha\.m2\repository\org\slf4j\jul-to-slf4j\2.0.4\jul-to-slf4j-2.0.4.jar;C:\Users\kdyha\.m2\repository\jakarta\annotation\jakarta.annotation-api\2.1.1\jakarta.annotation-api-2.1.1.jar;C:\Users\kdyha\.m2\repository\org\yaml\snakeyaml\1.33\snakeyaml-1.33.jar;C:\Users\kdyha\.m2\repository\org\springframework\boot\spring-boot-starter-json\3.0.0\spring-boot-starter-json-3.0.0.jar;C:\Users\kdyha\.m2\repository\com\fasterxml\jackson\core\jackson-databind\2.14.1\jackson-databind-2.14.1.jar;C:\Users\kdyha\.m2\repository\com\fasterxml\jackson\core\jackson-annotations\2.14.1\jackson-annotations-2.14.1.jar;C:\Users\kdyha\.m2\repository\com\fasterxml\jackson\core\jackson-core\2.14.1\jackson-core-2.14.1.jar;C:\Users\kdyha\.m2\repository\com\fasterxml\jackson\datatype\jackson-datatype-jdk8\2.14.1\jackson-datatype-jdk8-2.14.1.jar;C:\Users\kdyha\.m2\repository\com\fasterxml\jackson\datatype\jackson-datatype-jsr310\2.14.1\jackson-datatype-jsr310-2.14.1.jar;C:\Users\kdyha\.m2\repository\com\fasterxml\jackson\module\jackson-module-parameter-names\2.14.1\jackson-module-parameter-names-2.14.1.jar;C:\Users\kdyha\.m2\repository\org\springframework\boot\spring-boot-starter-tomcat\3.0.0\spring-boot-starter-tomcat-3.0.0.jar;C:\Users\kdyha\.m2\repository\org\apache\tomcat\embed\tomcat-embed-core\10.1.1\tomcat-embed-core-10.1.1.jar;C:\Users\kdyha\.m2\repository\org\apache\tomcat\embed\tomcat-embed-websocket\10.1.1\tomcat-embed-websocket-10.1.1.jar;C:\Users\kdyha\.m2\repository\org\springframework\spring-web\6.0.2\spring-web-6.0.2.jar;C:\Users\kdyha\.m2\repository\org\springframework\spring-beans\6.0.2\spring-beans-6.0.2.jar;C:\Users\kdyha\.m2\repository\io\micrometer\micrometer-observation\1.10.2\micrometer-observation-1.10.2.jar;C:\Users\kdyha\.m2\repository\io\micrometer\micrometer-commons\1.10.2\micrometer-commons-1.10.2.jar;C:\Users\kdyha\.m2\repository\org\springframework\spring-webmvc\6.0.2\spring-webmvc-6.0.2.jar;C:\Users\kdyha\.m2\repository\org\springframework\spring-context\6.0.2\spring-context-6.0.2.jar;C:\Users\kdyha\.m2\repository\org\springframework\spring-expression\6.0.2\spring-expression-6.0.2.jar;C:\Users\kdyha\.m2\repository\org\springframework\boot\spring-boot-starter-data-jpa\3.0.0\spring-boot-starter-data-jpa-3.0.0.jar;C:\Users\kdyha\.m2\repository\org\springframework\boot\spring-boot-starter-aop\3.0.0\spring-boot-starter-aop-3.0.0.jar;C:\Users\kdyha\.m2\repository\org\aspectj\aspectjweaver\1.9.9.1\aspectjweaver-1.9.9.1.jar;C:\Users\kdyha\.m2\repository\org\springframework\boot\spring-boot-starter-jdbc\3.0.0\spring-boot-starter-jdbc-3.0.0.jar;C:\Users\kdyha\.m2\repository\com\zaxxer\HikariCP\5.0.1\HikariCP-5.0.1.jar;C:\Users\kdyha\.m2\repository\org\springframework\spring-jdbc\6.0.2\spring-jdbc-6.0.2.jar;C:\Users\kdyha\.m2\repository\org\hibernate\orm\hibernate-core\6.1.5.Final\hibernate-core-6.1.5.Final.jar;C:\Users\kdyha\.m2\repository\jakarta\persistence\jakarta.persistence-api\3.1.0\jakarta.persistence-api-3.1.0.jar;C:\Users\kdyha\.m2\repository\jakarta\transaction\jakarta.transaction-api\2.0.1\jakarta.transaction-api-2.0.1.jar;C:\Users\kdyha\.m2\repository\org\jboss\logging\jboss-logging\3.5.0.Final\jboss-logging-3.5.0.Final.jar;C:\Users\kdyha\.m2\repository\org\hibernate\common\hibernate-commons-annotations\6.0.2.Final\hibernate-commons-annotations-6.0.2.Final.jar;C:\Users\kdyha\.m2\repository\org\jboss\jandex\2.4.2.Final\jandex-2.4.2.Final.jar;C:\Users\kdyha\.m2\repository\com\fasterxml\classmate\1.5.1\classmate-1.5.1.jar;C:\Users\kdyha\.m2\repository\net\bytebuddy\byte-buddy\1.12.19\byte-buddy-1.12.19.jar;C:\Users\kdyha\.m2\repository\jakarta\inject\jakarta.inject-api\2.0.0\jakarta.inject-api-2.0.0.jar;C:\Users\kdyha\.m2\repository\org\antlr\antlr4-runtime\4.10.1\antlr4-runtime-4.10.1.jar;C:\Users\kdyha\.m2\repository\org\springframework\data\spring-data-jpa\3.0.0\spring-data-jpa-3.0.0.jar;C:\Users\kdyha\.m2\repository\org\springframework\data\spring-data-commons\3.0.0\spring-data-commons-3.0.0.jar;C:\Users\kdyha\.m2\repository\org\springframework\spring-orm\6.0.2\spring-orm-6.0.2.jar;C:\Users\kdyha\.m2\repository\org\springframework\spring-tx\6.0.2\spring-tx-6.0.2.jar;C:\Users\kdyha\.m2\repository\org\slf4j\slf4j-api\2.0.4\slf4j-api-2.0.4.jar;C:\Users\kdyha\.m2\repository\org\springframework\spring-aspects\6.0.2\spring-aspects-6.0.2.jar;C:\Users\kdyha\.m2\repository\org\springframework\boot\spring-boot-starter-security\3.0.0\spring-boot-starter-security-3.0.0.jar;C:\Users\kdyha\.m2\repository\org\springframework\spring-aop\6.0.2\spring-aop-6.0.2.jar;C:\Users\kdyha\.m2\repository\org\springframework\security\spring-security-config\6.0.0\spring-security-config-6.0.0.jar;C:\Users\kdyha\.m2\repository\org\springframework\security\spring-security-web\6.0.0\spring-security-web-6.0.0.jar;C:\Users\kdyha\.m2\repository\org\springframework\boot\spring-boot-starter-oauth2-client\3.0.0\spring-boot-starter-oauth2-client-3.0.0.jar;C:\Users\kdyha\.m2\repository\org\springframework\security\spring-security-core\6.0.0\spring-security-core-6.0.0.jar;C:\Users\kdyha\.m2\repository\org\springframework\security\spring-security-crypto\6.0.0\spring-security-crypto-6.0.0.jar;C:\Users\kdyha\.m2\repository\org\springframework\security\spring-security-oauth2-client\6.0.0\spring-security-oauth2-client-6.0.0.jar;C:\Users\kdyha\.m2\repository\org\springframework\security\spring-security-oauth2-core\6.0.0\spring-security-oauth2-core-6.0.0.jar;C:\Users\kdyha\.m2\repository\com\nimbusds\oauth2-oidc-sdk\9.43.1\oauth2-oidc-sdk-9.43.1.jar;C:\Users\kdyha\.m2\repository\com\github\stephenc\jcip\jcip-annotations\1.0-1\jcip-annotations-1.0-1.jar;C:\Users\kdyha\.m2\repository\com\nimbusds\content-type\2.2\content-type-2.2.jar;C:\Users\kdyha\.m2\repository\com\nimbusds\lang-tag\1.7\lang-tag-1.7.jar;C:\Users\kdyha\.m2\repository\org\springframework\security\spring-security-oauth2-jose\6.0.0\spring-security-oauth2-jose-6.0.0.jar;C:\Users\kdyha\.m2\repository\com\nimbusds\nimbus-jose-jwt\9.24.4\nimbus-jose-jwt-9.24.4.jar;C:\Users\kdyha\.m2\repository\org\springframework\boot\spring-boot-starter-validation\3.0.0\spring-boot-starter-validation-3.0.0.jar;C:\Users\kdyha\.m2\repository\org\apache\tomcat\embed\tomcat-embed-el\10.1.1\tomcat-embed-el-10.1.1.jar;C:\Users\kdyha\.m2\repository\org\hibernate\validator\hibernate-validator\8.0.0.Final\hibernate-validator-8.0.0.Final.jar;C:\Users\kdyha\.m2\repository\jakarta\validation\jakarta.validation-api\3.0.2\jakarta.validation-api-3.0.2.jar;C:\Users\kdyha\.m2\repository\com\h2database\h2\2.1.214\h2-2.1.214.jar;C:\Users\kdyha\.m2\repository\org\springframework\boot\spring-boot-starter-web-services\3.0.0\spring-boot-starter-web-services-3.0.0.jar;C:\Users\kdyha\.m2\repository\com\sun\xml\messaging\saaj\saaj-impl\3.0.0\saaj-impl-3.0.0.jar;C:\Users\kdyha\.m2\repository\jakarta\xml\soap\jakarta.xml.soap-api\3.0.0\jakarta.xml.soap-api-3.0.0.jar;C:\Users\kdyha\.m2\repository\org\jvnet\staxex\stax-ex\2.1.0\stax-ex-2.1.0.jar;C:\Users\kdyha\.m2\repository\jakarta\activation\jakarta.activation-api\2.1.0\jakarta.activation-api-2.1.0.jar;C:\Users\kdyha\.m2\repository\org\eclipse\angus\angus-activation\1.0.0\angus-activation-1.0.0.jar;C:\Users\kdyha\.m2\repository\jakarta\xml\ws\jakarta.xml.ws-api\4.0.0\jakarta.xml.ws-api-4.0.0.jar;C:\Users\kdyha\.m2\repository\org\springframework\spring-oxm\6.0.2\spring-oxm-6.0.2.jar;C:\Users\kdyha\.m2\repository\org\springframework\ws\spring-ws-core\4.0.0\spring-ws-core-4.0.0.jar;C:\Users\kdyha\.m2\repository\org\springframework\ws\spring-xml\4.0.0\spring-xml-4.0.0.jar;C:\Users\kdyha\.m2\repository\com\sun\xml\bind\jaxb-impl\4.0.1\jaxb-impl-4.0.1.jar;C:\Users\kdyha\.m2\repository\com\sun\xml\bind\jaxb-core\4.0.1\jaxb-core-4.0.1.jar;C:\Users\kdyha\.m2\repository\com\mysql\mysql-connector-j\8.0.31\mysql-connector-j-8.0.31.jar;C:\Users\kdyha\.m2\repository\jakarta\xml\bind\jakarta.xml.bind-api\3.0.1\jakarta.xml.bind-api-3.0.1.jar;C:\Users\kdyha\.m2\repository\com\sun\activation\jakarta.activation\2.0.1\jakarta.activation-2.0.1.jar;C:\Users\kdyha\.m2\repository\org\glassfish\jaxb\jaxb-runtime\3.0.2\jaxb-runtime-3.0.2.jar;C:\Users\kdyha\.m2\repository\org\glassfish\jaxb\jaxb-core\4.0.1\jaxb-core-4.0.1.jar;C:\Users\kdyha\.m2\repository\org\glassfish\jaxb\txw2\4.0.1\txw2-4.0.1.jar;C:\Users\kdyha\.m2\repository\com\sun\istack\istack-commons-runtime\4.1.1\istack-commons-runtime-4.1.1.jar;C:\Users\kdyha\.m2\repository\org\springframework\boot\spring-boot-starter-test\3.0.0\spring-boot-starter-test-3.0.0.jar;C:\Users\kdyha\.m2\repository\org\springframework\boot\spring-boot-test\3.0.0\spring-boot-test-3.0.0.jar;C:\Users\kdyha\.m2\repository\org\springframework\boot\spring-boot-test-autoconfigure\3.0.0\spring-boot-test-autoconfigure-3.0.0.jar;C:\Users\kdyha\.m2\repository\com\jayway\jsonpath\json-path\2.7.0\json-path-2.7.0.jar;C:\Users\kdyha\.m2\repository\net\minidev\json-smart\2.4.8\json-smart-2.4.8.jar;C:\Users\kdyha\.m2\repository\net\minidev\accessors-smart\2.4.8\accessors-smart-2.4.8.jar;C:\Users\kdyha\.m2\repository\org\ow2\asm\asm\9.1\asm-9.1.jar;C:\Users\kdyha\.m2\repository\org\assertj\assertj-core\3.23.1\assertj-core-3.23.1.jar;C:\Users\kdyha\.m2\repository\org\hamcrest\hamcrest\2.2\hamcrest-2.2.jar;C:\Users\kdyha\.m2\repository\org\junit\jupiter\junit-jupiter\5.9.1\junit-jupiter-5.9.1.jar;C:\Users\kdyha\.m2\repository\org\junit\jupiter\junit-jupiter-api\5.9.1\junit-jupiter-api-5.9.1.jar;C:\Users\kdyha\.m2\repository\org\opentest4j\opentest4j\1.2.0\opentest4j-1.2.0.jar;C:\Users\kdyha\.m2\repository\org\junit\platform\junit-platform-commons\1.9.1\junit-platform-commons-1.9.1.jar;C:\Users\kdyha\.m2\repository\org\apiguardian\apiguardian-api\1.1.2\apiguardian-api-1.1.2.jar;C:\Users\kdyha\.m2\repository\org\junit\jupiter\junit-jupiter-params\5.9.1\junit-jupiter-params-5.9.1.jar;C:\Users\kdyha\.m2\repository\org\junit\jupiter\junit-jupiter-engine\5.9.1\junit-jupiter-engine-5.9.1.jar;C:\Users\kdyha\.m2\repository\org\junit\platform\junit-platform-engine\1.9.1\junit-platform-engine-1.9.1.jar;C:\Users\kdyha\.m2\repository\org\mockito\mockito-core\4.8.1\mockito-core-4.8.1.jar;C:\Users\kdyha\.m2\repository\net\bytebuddy\byte-buddy-agent\1.12.19\byte-buddy-agent-1.12.19.jar;C:\Users\kdyha\.m2\repository\org\objenesis\objenesis\3.2\objenesis-3.2.jar;C:\Users\kdyha\.m2\repository\org\mockito\mockito-junit-jupiter\4.8.1\mockito-junit-jupiter-4.8.1.jar;C:\Users\kdyha\.m2\repository\org\skyscreamer\jsonassert\1.5.1\jsonassert-1.5.1.jar;C:\Users\kdyha\.m2\repository\com\vaadin\external\google\android-json\0.0.20131108.vaadin1\android-json-0.0.20131108.vaadin1.jar;C:\Users\kdyha\.m2\repository\org\springframework\spring-core\6.0.2\spring-core-6.0.2.jar;C:\Users\kdyha\.m2\repository\org\springframework\spring-jcl\6.0.2\spring-jcl-6.0.2.jar;C:\Users\kdyha\.m2\repository\org\springframework\spring-test\6.0.2\spring-test-6.0.2.jar;C:\Users\kdyha\.m2\repository\org\xmlunit\xmlunit-core\2.9.0\xmlunit-core-2.9.0.jar;"/>
    <property name="java.vm.vendor" value="Eclipse Adoptium"/>
    <property name="sun.arch.data.model" value="64"/>
    <property name="user.variant" value=""/>
    <property name="java.vendor.url" value="https://adoptium.net/"/>
    <property name="user.timezone" value="America/Buenos_Aires"/>
    <property name="org.jboss.logging.provider" value="slf4j"/>
    <property name="os.name" value="Windows 11"/>
    <property name="java.vm.specification.version" value="17"/>
    <property name="sun.java.launcher" value="SUN_STANDARD"/>
    <property name="user.country" value="419"/>
    <property name="sun.boot.library.path" value="C:\Program Files\Eclipse Adoptium\jdk-17.0.16.8-hotspot\bin"/>
    <property name="sun.java.command" value="C:\Users\kdyha\AppData\Local\Temp\surefire13071146880289813830\surefirebooter-20251002233353812_3.jar C:\Users\kdyha\AppData\Local\Temp\surefire13071146880289813830 2025-10-02T23-33-53_630-jvmRun1 surefire-20251002233353812_1tmp surefire_0-20251002233353812_2tmp"/>
    <property name="jdk.debug" value="release"/>
    <property name="surefire.test.class.path" value="c:\Users\kdyha\Documents\VScodes\prueba_tecnica\crud-app\target\test-classes;c:\Users\kdyha\Documents\VScodes\prueba_tecnica\crud-app\target\classes;C:\Users\kdyha\.m2\repository\org\springframework\boot\spring-boot-starter-web\3.0.0\spring-boot-starter-web-3.0.0.jar;C:\Users\kdyha\.m2\repository\org\springframework\boot\spring-boot-starter\3.0.0\spring-boot-starter-3.0.0.jar;C:\Users\kdyha\.m2\repository\org\springframework\boot\spring-boot\3.0.0\spring-boot-3.0.0.jar;C:\Users\kdyha\.m2\repository\org\springframework\boot\spring-boot-autoconfigure\3.0.0\spring-boot-autoconfigure-3.0.0.jar;C:\Users\kdyha\.m2\repository\org\springframework\boot\spring-boot-starter-logging\3.0.0\spring-boot-starter-logging-3.0.0.jar;C:\Users\kdyha\.m2\repository\ch\qos\logback\logback-classic\1.4.5\logback-classic-1.4.5.jar;C:\Users\kdyha\.m2\repository\ch\qos\logback\logback-core\1.4.5\logback-core-1.4.5.jar;C:\Users\kdyha\.m2\repository\org\apache\logging\log4j\log4j-to-slf4j\2.19.0\log4j-to-slf4j-2.19.0.jar;C:\Users\kdyha\.m2\repository\org\apache\logging\log4j\log4j-api\2.19.0\log4j-api-2.19.0.jar;C:\Users\kdyha\.m2\repository\org\slf4j\jul-to-slf4j\2.0.4\jul-to-slf4j-2.0.4.jar;C:\Users\kdyha\.m2\repository\jakarta\annotation\jakarta.annotation-api\2.1.1\jakarta.annotation-api-2.1.1.jar;C:\Users\kdyha\.m2\repository\org\yaml\snakeyaml\1.33\snakeyaml-1.33.jar;C:\Users\kdyha\.m2\repository\org\springframework\boot\spring-boot-starter-json\3.0.0\spring-boot-starter-json-3.0.0.jar;C:\Users\kdyha\.m2\repository\com\fasterxml\jackson\core\jackson-databind\2.14.1\jackson-databind-2.14.1.jar;C:\Users\kdyha\.m2\repository\com\fasterxml\jackson\core\jackson-annotations\2.14.1\jackson-annotations-2.14.1.jar;C:\Users\kdyha\.m2\repository\com\fasterxml\jackson\core\jackson-core\2.14.1\jackson-core-2.14.1.jar;C:\Users\kdyha\.m2\repository\com\fasterxml\jackson\datatype\jackson-datatype-jdk8\2.14.1\jackson-datatype-jdk8-2.14.1.jar;C:\Users\kdyha\.m2\repository\com\fasterxml\jackson\datatype\jackson-datatype-jsr310\2.14.1\jackson-datatype-jsr310-2.14.1.jar;C:\Users\kdyha\.m2\repository\com\fasterxml\jackson\module\jackson-module-parameter-names\2.14.1\jackson-module-parameter-names-2.14.1.jar;C:\Users\kdyha\.m2\repository\org\springframework\boot\spring-boot-starter-tomcat\3.0.0\spring-boot-starter-tomcat-3.0.0.jar;C:\Users\kdyha\.m2\repository\org\apache\tomcat\embed\tomcat-embed-core\10.1.1\tomcat-embed-core-10.1.1.jar;C:\Users\kdyha\.m2\repository\org\apache\tomcat\embed\tomcat-embed-websocket\10.1.1\tomcat-embed-websocket-10.1.1.jar;C:\Users\kdyha\.m2\repository\org\springframework\spring-web\6.0.2\spring-web-6.0.2.jar;C:\Users\kdyha\.m2\repository\org\springframework\spring-beans\6.0.2\spring-beans-6.0.2.jar;C:\Users\kdyha\.m2\repository\io\micrometer\micrometer-observation\1.10.2\micrometer-observation-1.10.2.jar;C:\Users\kdyha\.m2\repository\io\micrometer\micrometer-commons\1.10.2\micrometer-commons-1.10.2.jar;C:\Users\kdyha\.m2\repository\org\springframework\spring-webmvc\6.0.2\spring-webmvc-6.0.2.jar;C:\Users\kdyha\.m2\repository\org\springframework\spring-context\6.0.2\spring-context-6.0.2.jar;C:\Users\kdyha\.m2\repository\org\springframework\spring-expression\6.0.2\spring-expression-6.0.2.jar;C:\Users\kdyha\.m2\repository\org\springframework\boot\spring-boot-starter-data-jpa\3.0.0\spring-boot-starter-data-jpa-3.0.0.jar;C:\Users\kdyha\.m2\repository\org\springframework\boot\spring-boot-starter-aop\3.0.0\spring-boot-starter-aop-3.0.0.jar;C:\Users\kdyha\.m2\repository\org\aspectj\aspectjweaver\1.9.9.1\aspectjweaver-1.9.9.1.jar;C:\Users\kdyha\.m2\repository\org\springframework\boot\spring-boot-starter-jdbc\3.0.0\spring-boot-starter-jdbc-3.0.0.jar;C:\Users\kdyha\.m2\repository\com\zaxxer\HikariCP\5.0.1\HikariCP-5.0.1.jar;C:\Users\kdyha\.m2\repository\org\springframework\spring-jdbc\6.0.2\spring-jdbc-6.0.2.jar;C:\Users\kdyha\.m2\repository\org\hibernate\orm\hibernate-core\6.1.5.Final\hibernate-core-6.1.5.Final.jar;C:\Users\kdyha\.m2\repository\jakarta\persistence\jakarta.persistence-api\3.1.0\jakarta.persistence-api-3.1.0.jar;C:\Users\kdyha\.m2\repository\jakarta\transaction\jakarta.transaction-api\2.0.1\jakarta.transaction-api-2.0.1.jar;C:\Users\kdyha\.m2\repository\org\jboss\logging\jboss-logging\3.5.0.Final\jboss-logging-3.5.0.Final.jar;C:\Users\kdyha\.m2\repository\org\hibernate\common\hibernate-commons-annotations\6.0.2.Final\hibernate-commons-annotations-6.0.2.Final.jar;C:\Users\kdyha\.m2\repository\org\jboss\jandex\2.4.2.Final\jandex-2.4.2.Final.jar;C:\Users\kdyha\.m2\repository\com\fasterxml\classmate\1.5.1\classmate-1.5.1.jar;C:\Users\kdyha\.m2\repository\net\bytebuddy\byte-buddy\1.12.19\byte-buddy-1.12.19.jar;C:\Users\kdyha\.m2\repository\jakarta\inject\jakarta.inject-api\2.0.0\jakarta.inject-api-2.0.0.jar;C:\Users\kdyha\.m2\repository\org\antlr\antlr4-runtime\4.10.1\antlr4-runtime-4.10.1.jar;C:\Users\kdyha\.m2\repository\org\springframework\data\spring-data-jpa\3.0.0\spring-data-jpa-3.0.0.jar;C:\Users\kdyha\.m2\repository\org\springframework\data\spring-data-commons\3.0.0\spring-data-commons-3.0.0.jar;C:\Users\kdyha\.m2\repository\org\springframework\spring-orm\6.0.2\spring-orm-6.0.2.jar;C:\Users\kdyha\.m2\repository\org\springframework\spring-tx\6.0.2\spring-tx-6.0.2.jar;C:\Users\kdyha\.m2\repository\org\slf4j\slf4j-api\2.0.4\slf4j-api-2.0.4.jar;C:\Users\kdyha\.m2\repository\org\springframework\spring-aspects\6.0.2\spring-aspects-6.0.2.jar;C:\Users\kdyha\.m2\repository\org\springframework\boot\spring-boot-starter-security\3.0.0\spring-boot-starter-security-3.0.0.jar;C:\Users\kdyha\.m2\repository\org\springframework\spring-aop\6.0.2\spring-aop-6.0.2.jar;C:\Users\kdyha\.m2\repository\org\springframework\security\spring-security-config\6.0.0\spring-security-config-6.0.0.jar;C:\Users\kdyha\.m2\repository\org\springframework\security\spring-security-web\6.0.0\spring-security-web-6.0.0.jar;C:\Users\kdyha\.m2\repository\org\springframework\boot\spring-boot-starter-oauth2-client\3.0.0\spring-boot-starter-oauth2-client-3.0.0.jar;C:\Users\kdyha\.m2\repository\org\springframework\security\spring-security-core\6.0.0\spring-security-core-6.0.0.jar;C:\Users\kdyha\.m2\repository\org\springframework\security\spring-security-crypto\6.0.0\spring-security-crypto-6.0.0.jar;C:\Users\kdyha\.m2\repository\org\springframework\security\spring-security-oauth2-client\6.0.0\spring-security-oauth2-client-6.0.0.jar;C:\Users\kdyha\.m2\repository\org\springframework\security\spring-security-oauth2-core\6.0.0\spring-security-oauth2-core-6.0.0.jar;C:\Users\kdyha\.m2\repository\com\nimbusds\oauth2-oidc-sdk\9.43.1\oauth2-oidc-sdk-9.43.1.jar;C:\Users\kdyha\.m2\repository\com\github\stephenc\jcip\jcip-annotations\1.0-1\jcip-annotations-1.0-1.jar;C:\Users\kdyha\.m2\repository\com\nimbusds\content-type\2.2\content-type-2.2.jar;C:\Users\kdyha\.m2\repository\com\nimbusds\lang-tag\1.7\lang-tag-1.7.jar;C:\Users\kdyha\.m2\repository\org\springframework\security\spring-security-oauth2-jose\6.0.0\spring-security-oauth2-jose-6.0.0.jar;C:\Users\kdyha\.m2\repository\com\nimbusds\nimbus-jose-jwt\9.24.4\nimbus-jose-jwt-9.24.4.jar;C:\Users\kdyha\.m2\repository\org\springframework\boot\spring-boot-starter-validation\3.0.0\spring-boot-starter-validation-3.0.0.jar;C:\Users\kdyha\.m2\repository\org\apache\tomcat\embed\tomcat-embed-el\10.1.1\tomcat-embed-el-10.1.1.jar;C:\Users\kdyha\.m2\repository\org\hibernate\validator\hibernate-validator\8.0.0.Final\hibernate-validator-8.0.0.Final.jar;C:\Users\kdyha\.m2\repository\jakarta\validation\jakarta.validation-api\3.0.2\jakarta.validation-api-3.0.2.jar;C:\Users\kdyha\.m2\repository\com\h2database\h2\2.1.214\h2-2.1.214.jar;C:\Users\kdyha\.m2\repository\org\springframework\boot\spring-boot-starter-web-services\3.0.0\spring-boot-starter-web-services-3.0.0.jar;C:\Users\kdyha\.m2\repository\com\sun\xml\messaging\saaj\saaj-impl\3.0.0\saaj-impl-3.0.0.jar;C:\Users\kdyha\.m2\repository\jakarta\xml\soap\jakarta.xml.soap-api\3.0.0\jakarta.xml.soap-api-3.0.0.jar;C:\Users\kdyha\.m2\repository\org\jvnet\staxex\stax-ex\2.1.0\stax-ex-2.1.0.jar;C:\Users\kdyha\.m2\repository\jakarta\activation\jakarta.activation-api\2.1.0\jakarta.activation-api-2.1.0.jar;C:\Users\kdyha\.m2\repository\org\eclipse\angus\angus-activation\1.0.0\angus-activation-1.0.0.jar;C:\Users\kdyha\.m2\repository\jakarta\xml\ws\jakarta.xml.ws-api\4.0.0\jakarta.xml.ws-api-4.0.0.jar;C:\Users\kdyha\.m2\repository\org\springframework\spring-oxm\6.0.2\spring-oxm-6.0.2.jar;C:\Users\kdyha\.m2\repository\org\springframework\ws\spring-ws-core\4.0.0\spring-ws-core-4.0.0.jar;C:\Users\kdyha\.m2\repository\org\springframework\ws\spring-xml\4.0.0\spring-xml-4.0.0.jar;C:\Users\kdyha\.m2\repository\com\sun\xml\bind\jaxb-impl\4.0.1\jaxb-impl-4.0.1.jar;C:\Users\kdyha\.m2\repository\com\sun\xml\bind\jaxb-core\4.0.1\jaxb-core-4.0.1.jar;C:\Users\kdyha\.m2\repository\com\mysql\mysql-connector-j\8.0.31\mysql-connector-j-8.0.31.jar;C:\Users\kdyha\.m2\repository\jakarta\xml\bind\jakarta.xml.bind-api\3.0.1\jakarta.xml.bind-api-3.0.1.jar;C:\Users\kdyha\.m2\repository\com\sun\activation\jakarta.activation\2.0.1\jakarta.activation-2.0.1.jar;C:\Users\kdyha\.m2\repository\org\glassfish\jaxb\jaxb-runtime\3.0.2\jaxb-runtime-3.0.2.jar;C:\Users\kdyha\.m2\repository\org\glassfish\jaxb\jaxb-core\4.0.1\jaxb-core-4.0.1.jar;C:\Users\kdyha\.m2\repository\org\glassfish\jaxb\txw2\4.0.1\txw2-4.0.1.jar;C:\Users\kdyha\.m2\repository\com\sun\istack\istack-commons-runtime\4.1.1\istack-commons-runtime-4.1.1.jar;C:\Users\kdyha\.m2\repository\org\springframework\boot\spring-boot-starter-test\3.0.0\spring-boot-starter-test-3.0.0.jar;C:\Users\kdyha\.m2\repository\org\springframework\boot\spring-boot-test\3.0.0\spring-boot-test-3.0.0.jar;C:\Users\kdyha\.m2\repository\org\springframework\boot\spring-boot-test-autoconfigure\3.0.0\spring-boot-test-autoconfigure-3.0.0.jar;C:\Users\kdyha\.m2\repository\com\jayway\jsonpath\json-path\2.7.0\json-path-2.7.0.jar;C:\Users\kdyha\.m2\repository\net\minidev\json-smart\2.4.8\json-smart-2.4.8.jar;C:\Users\kdyha\.m2\repository\net\minidev\accessors-smart\2.4.8\accessors-smart-2.4.8.jar;C:\Users\kdyha\.m2\repository\org\ow2\asm\asm\9.1\asm-9.1.jar;C:\Users\kdyha\.m2\repository\org\assertj\assertj-core\3.23.1\assertj-core-3.23.1.jar;C:\Users\kdyha\.m2\repository\org\hamcrest\hamcrest\2.2\hamcrest-2.2.jar;C:\Users\kdyha\.m2\repository\org\junit\jupiter\junit-jupiter\5.9.1\junit-jupiter-5.9.1.jar;C:\Users\kdyha\.m2\repository\org\junit\jupiter\junit-jupiter-api\5.9.1\junit-jupiter-api-5.9.1.jar;C:\Users\kdyha\.m2\repository\org\opentest4j\opentest4j\1.2.0\opentest4j-1.2.0.jar;C:\Users\kdyha\.m2\repository\org\junit\platform\junit-platform-commons\1.9.1\junit-platform-commons-1.9.1.jar;C:\Users\kdyha\.m2\repository\org\apiguardian\apiguardian-api\1.1.2\apiguardian-api-1.1.2.jar;C:\Users\kdyha\.m2\repository\org\junit\jupiter\junit-jupiter-params\5.9.1\junit-jupiter-params-5.9.1.jar;C:\Users\kdyha\.m2\repository\org\junit\jupiter\junit-jupiter-engine\5.9.1\junit-jupiter-engine-5.9.1.jar;C:\Users\kdyha\.m2\repository\org\junit\platform\junit-platform-engine\1.9.1\junit-platform-engine-1.9.1.jar;C:\Users\kdyha\.m2\repository\org\mockito\mockito-core\4.8.1\mockito-core-4.8.1.jar;C:\Users\kdyha\.m2\repository\net\bytebuddy\byte-buddy-agent\1.12.19\byte-buddy-agent-1.12.19.jar;C:\Users\kdyha\.m2\repository\org\objenesis\objenesis\3.2\objenesis-3.2.jar;C:\Users\kdyha\.m2\repository\org\mockito\mockito-junit-jupiter\4.8.1\mockito-junit-jupiter-4.8.1.jar;C:\Users\kdyha\.m2\repository\org\skyscreamer\jsonassert\1.5.1\jsonassert-1.5.1.jar;C:\Users\kdyha\.m2\repository\com\vaadin\external\google\android-json\0.0.20131108.vaadin1\android-json-0.0.20131108.vaadin1.jar;C:\Users\kdyha\.m2\repository\org\springframework\spring-core\6.0.2\spring-core-6.0.2.jar;C:\Users\kdyha\.m2\repository\org\springframework\spring-jcl\6.0.2\spring-jcl-6.0.2.jar;C:\Users\kdyha\.m2\repository\org\springframework\spring-test\6.0.2\spring-test-6.0.2.jar;C:\Users\kdyha\.m2\repository\org\xmlunit\xmlunit-core\2.9.0\xmlunit-core-2.9.0.jar;"/>
    <property name="sun.cpu.endian" value="little"/>
    <property name="user.home" value="C:\Users\kdyha"/>
    <property name="user.language" value="es"/>
    <property name="java.specification.vendor" value="Oracle Corporation"/>
    <property name="java.version.date" value="2025-07-15"/>
    <property name="java.home" value="C:\Program Files\Eclipse Adoptium\jdk-17.0.16.8-hotspot"/>
    <property name="file.separator" value="\"/>
    <property name="basedir" value="c:\Users\kdyha\Documents\VScodes\prueba_tecnica\crud-app"/>
    <property name="java.vm.compressedOopsMode" value="Zero based"/>
    <property name="line.separator" value="&#10;"/>
    <property name="java.vm.specification.vendor" value="Oracle Corporation"/>
    <property name="java.specification.name" value="Java Platform API Specification"/>
    <property name="FILE_LOG_CHARSET" value="windows-1252"/>
    <property name="skipITs" value="true"/>
    <property name="java.awt.headless" value="true"/>
    <property name="surefire.real.class.path" value="C:\Users\kdyha\AppData\Local\Temp\surefire13071146880289813830\surefirebooter-20251002233353812_3.jar"/>
    <property name="user.script" value=""/>
    <property name="sun.management.compiler" value="HotSpot 64-Bit Tiered Compilers"/>
    <property name="java.runtime.version" value="17.0.16+8"/>
    <property name="user.name" value="kdyha"/>
    <property name="path.separator" value=";"/>
    <property name="os.version" value="10.0"/>
    <property name="java.runtime.name" value="OpenJDK Runtime Environment"/>
    <property name="file.encoding" value="Cp1252"/>
    <property name="java.vm.name" value="OpenJDK 64-Bit Server VM"/>
    <property name="java.vendor.version" value="Temurin-17.0.16+8"/>
    <property name="localRepository" value="C:\Users\kdyha\.m2\repository"/>
    <property name="java.vendor.url.bug" value="https://github.com/adoptium/adoptium-support/issues"/>
    <property name="java.io.tmpdir" value="C:\Users\kdyha\AppData\Local\Temp\"/>
    <property name="com.zaxxer.hikari.pool_number" value="2"/>
    <property name="java.version" value="17.0.16"/>
    <property name="user.dir" value="c:\Users\kdyha\Documents\VScodes\prueba_tecnica\crud-app"/>
    <property name="os.arch" value="amd64"/>
    <property name="java.vm.specification.name" value="Java Virtual Machine Specification"/>
    <property name="PID" value="22272"/>
    <property name="sun.os.patch.level" value=""/>
    <property name="CONSOLE_LOG_CHARSET" value="windows-1252"/>
    <property name="native.encoding" value="Cp1252"/>
    <property name="java.library.path" value="C:\Program Files\Eclipse Adoptium\jdk-17.0.16.8-hotspot\bin;C:\WINDOWS\Sun\Java\bin;C:\WINDOWS\system32;C:\WINDOWS;C:\tools\flutter_windows_3.16.9-stable\flutter\bin\cache\dart-sdk\bin\;C:\Program Files\Eclipse Adoptium\jdk-17.0.16.8-hotspot\bin;C:\Python312\Scripts\;C:\Python312\;C:\WINDOWS\system32;C:\WINDOWS;C:\WINDOWS\System32\Wbem;C:\WINDOWS\System32\WindowsPowerShell\v1.0\;C:\WINDOWS\System32\OpenSSH\;C:\Program Files\nodejs\;C:\ProgramData\chocolatey\bin;C:\Program Files\Git\cmd;C:\Program Files\Docker\Docker\resources\bin;C:\Program Files\Amazon\AWSCLI\bin\;C:\Program Files\Cloudflare\Cloudflare WARP\;%MAVEN_HOME%\bin;%JAVA_HOME%\bin;C:\ProgramData\chocolatey\lib\maven\apache-maven-3.9.11\bin;C:\Users\kdyha\AppData\Local\Microsoft\WindowsApps;C:\Users\kdyha\AppData\Local\Programs\Microsoft VS Code\bin;C:\tools\flutter_windows_3.16.9-stable\flutter\bin;C:\Users\kdyha\AppData\Local\Packages\PythonSoftwareFoundation.Python.3.12_qbz5n2kfra8p0\LocalCache\local-packages\Python312\Scripts;C:\Users\kdyha\AppData\Roaming\npm;C:\Users\kdyha\AppData\Local\Programs\Ollama;C:\Users\kdyha\AppData\Local\Google\Cloud SDK\google-cloud-sdk\bin;;c:\Users\kdyha\AppData\Roaming\Code\User\globalStorage\github.copilot-chat\debugCommand;."/>
    <property name="java.vm.info" value="mixed mode, sharing"/>
    <property name="java.vendor" value="Eclipse Adoptium"/>
    <property name="java.vm.version" value="17.0.16+8"/>
    <property name="java.specification.maintenance.version" value="1"/>
    <property name="sun.io.unicode.encoding" value="UnicodeLittle"/>
    <property name="java.class.version" value="61.0"/>
  </properties>
  <testcase name="contextLoads" classname="com.example.crudapp.CrudAppApplicationTests" time="0.01">
    <system-out><![CDATA[2025-10-02T23:34:01.625-03:00  INFO 22272 --- [           main] t.c.s.AnnotationConfigContextLoaderUtils : Could not detect default configuration classes for test class [com.example.crudapp.CrudAppApplicationTests]: CrudAppApplicationTests does not declare any static, non-private, non-final, nested classes annotated with @Configuration.
2025-10-02T23:34:01.634-03:00  INFO 22272 --- [           main] .b.t.c.SpringBootTestContextBootstrapper : Found @SpringBootConfiguration com.example.crudapp.CrudAppApplication for test class com.example.crudapp.CrudAppApplicationTests

  .   ____          _            __ _ _
 /\\ / ___'_ __ _ _(_)_ __  __ _ \ \ \ \
( ( )\___ | '_ | '_| | '_ \/ _` | \ \ \ \
 \\/  ___)| |_)| | | | | || (_| |  ) ) ) )
  '  |____| .__|_| |_|_| |_\__, | / / / /
 =========|_|==============|___/=/_/_/_/
 :: Spring Boot ::                (v3.0.0)

2025-10-02T23:34:01.678-03:00  INFO 22272 --- [           main] c.e.crudapp.CrudAppApplicationTests      : Starting CrudAppApplicationTests using Java 17.0.16 with PID 22272 (started by kdyha in c:\Users\kdyha\Documents\VScodes\prueba_tecnica\crud-app)
2025-10-02T23:34:01.679-03:00  INFO 22272 --- [           main] c.e.crudapp.CrudAppApplicationTests      : The following 1 profile is active: "local"
2025-10-02T23:34:01.870-03:00  INFO 22272 --- [           main] .s.d.r.c.RepositoryConfigurationDelegate : Bootstrapping Spring Data JPA repositories in DEFAULT mode.
2025-10-02T23:34:01.887-03:00  INFO 22272 --- [           main] .s.d.r.c.RepositoryConfigurationDelegate : Finished Spring Data repository scanning in 16 ms. Found 4 JPA repository interfaces.
2025-10-02T23:34:01.929-03:00  INFO 22272 --- [           main] trationDelegate$BeanPostProcessorChecker : Bean 'org.springframework.ws.config.annotation.DelegatingWsConfiguration' of type [org.springframework.ws.config.annotation.DelegatingWsConfiguration$$SpringCGLIB$$0] is not eligible for getting processed by all BeanPostProcessors (for example: not eligible for auto-proxying)
2025-10-02T23:34:01.931-03:00  INFO 22272 --- [           main] .w.s.a.s.AnnotationActionEndpointMapping : Supporting [WS-Addressing August 2004, WS-Addressing 1.0]
2025-10-02T23:34:01.966-03:00  INFO 22272 --- [           main] o.hibernate.jpa.internal.util.LogHelper  : HHH000204: Processing PersistenceUnitInfo [name: default]
2025-10-02T23:34:01.971-03:00  WARN 22272 --- [           main] org.hibernate.orm.deprecation            : HHH90000021: Encountered deprecated setting [javax.persistence.sharedCache.mode], use [jakarta.persistence.sharedCache.mode] instead
2025-10-02T23:34:01.976-03:00  INFO 22272 --- [           main] com.zaxxer.hikari.HikariDataSource       : HikariPool-2 - Starting...
2025-10-02T23:34:01.977-03:00  INFO 22272 --- [           main] com.zaxxer.hikari.pool.HikariPool        : HikariPool-2 - Added connection conn10: url=jdbc:h2:mem:testdb user=SA
2025-10-02T23:34:01.977-03:00  INFO 22272 --- [           main] com.zaxxer.hikari.HikariDataSource       : HikariPool-2 - Start completed.
2025-10-02T23:34:01.977-03:00  INFO 22272 --- [           main] SQL dialect                              : HHH000400: Using dialect: org.hibernate.dialect.H2Dialect
2025-10-02T23:34:02.077-03:00  INFO 22272 --- [           main] o.h.e.t.j.p.i.JtaPlatformInitiator       : HHH000490: Using JtaPlatform implementation: [org.hibernate.engine.transaction.jta.platform.internal.NoJtaPlatform]
2025-10-02T23:34:02.078-03:00  INFO 22272 --- [           main] j.LocalContainerEntityManagerFactoryBean : Initialized JPA EntityManagerFactory for persistence unit 'default'
[Startup] Active profiles: local
[Startup] Resolved JDBC URL: jdbc:h2:mem:testdb
[Startup] spring.datasource.username: sa
[Startup] Env MYSQLHOST/MYSQL_HOST: <null>
[Startup] Env MYSQLPORT/MYSQL_PORT: <null>
[Startup] Env MYSQLDATABASE/MYSQL_DATABASE: <null>
[Startup] SPRING_DATASOURCE_URL present: false
2025-10-02T23:34:02.214-03:00  WARN 22272 --- [           main] JpaBaseConfiguration$JpaWebConfiguration : spring.jpa.open-in-view is enabled by default. Therefore, database queries may be performed during view rendering. Explicitly configure spring.jpa.open-in-view to disable this warning
2025-10-02T23:34:02.227-03:00  WARN 22272 --- [           main] .s.s.UserDetailsServiceAutoConfiguration : 

Using generated security password: 50221263-4c68-4aad-a07b-6238071a1dd9

This generated password is for development use only. Your security configuration must be updated before running your application in production.

2025-10-02T23:34:02.235-03:00  INFO 22272 --- [           main] o.s.b.a.w.s.WelcomePageHandlerMapping    : Adding welcome page: class path resource [static/index.html]
2025-10-02T23:34:02.309-03:00  INFO 22272 --- [           main] o.s.s.web.DefaultSecurityFilterChain     : Will secure any request with [org.springframework.security.web.session.DisableEncodeUrlFilter@620ba2b0, org.springframework.security.web.context.request.async.WebAsyncManagerIntegrationFilter@6a06b374, org.springframework.security.web.context.SecurityContextHolderFilter@621c7b91, org.springframework.security.web.header.HeaderWriterFilter@7c9d2ed7, org.springframework.web.filter.CorsFilter@2c634c0, org.springframework.security.web.authentication.logout.LogoutFilter@ab7ac41, org.springframework.security.web.authentication.UsernamePasswordAuthenticationFilter@bd8f424, org.springframework.security.web.savedrequest.RequestCacheAwareFilter@223e51e4, org.springframework.security.web.servletapi.SecurityContextHolderAwareRequestFilter@1e08f0cd, org.springframework.security.web.authentication.AnonymousAuthenticationFilter@4e739968, org.springframework.security.web.access.ExceptionTranslationFilter@1934a7c1, org.springframework.security.web.access.intercept.AuthorizationFilter@3c3a8246]
2025-10-02T23:34:02.312-03:00 DEBUG 22272 --- [           main] yloadRootAnnotationMethodEndpointMapping : Looking for endpoints in application context: org.springframework.web.context.support.GenericWebApplicationContext@5c70eda4, started on Thu Oct 02 23:34:01 ART 2025
2025-10-02T23:34:02.313-03:00 DEBUG 22272 --- [           main] yloadRootAnnotationMethodEndpointMapping : Mapped [{http://example.com/crudapp/soap}GetAllAddressesRequest] onto endpoint [public com.example.crudapp.soap.GetAllAddressesResponse com.example.crudapp.soap.CrudEndpoint.getAllAddresses(com.example.crudapp.soap.GetAllAddressesRequest)]
2025-10-02T23:34:02.313-03:00 DEBUG 22272 --- [           main] yloadRootAnnotationMethodEndpointMapping : Mapped [{http://example.com/crudapp/soap}UpdateProfessorRequest] onto endpoint [public com.example.crudapp.soap.UpdateProfessorResponse com.example.crudapp.soap.CrudEndpoint.updateProfessor(com.example.crudapp.soap.UpdateProfessorRequest)]
2025-10-02T23:34:02.314-03:00 DEBUG 22272 --- [           main] yloadRootAnnotationMethodEndpointMapping : Mapped [{http://example.com/crudapp/soap}CreateProfessorRequest] onto endpoint [public com.example.crudapp.soap.CreateProfessorResponse com.example.crudapp.soap.CrudEndpoint.createProfessor(com.example.crudapp.soap.CreateProfessorRequest)]
2025-10-02T23:34:02.314-03:00 DEBUG 22272 --- [           main] yloadRootAnnotationMethodEndpointMapping : Mapped [{http://example.com/crudapp/soap}GetAllProfessorsRequest] onto endpoint [public com.example.crudapp.soap.GetAllProfessorsResponse com.example.crudapp.soap.CrudEndpoint.getAllProfessors(com.example.crudapp.soap.GetAllProfessorsRequest)]
2025-10-02T23:34:02.314-03:00 DEBUG 22272 --- [           main] yloadRootAnnotationMethodEndpointMapping : Mapped [{http://example.com/crudapp/soap}GetProfessorByIdRequest] onto endpoint [public com.example.crudapp.soap.GetProfessorByIdResponse com.example.crudapp.soap.CrudEndpoint.getProfessorById(com.example.crudapp.soap.GetProfessorByIdRequest)]
2025-10-02T23:34:02.314-03:00 DEBUG 22272 --- [           main] yloadRootAnnotationMethodEndpointMapping : Mapped [{http://example.com/crudapp/soap}DeleteProfessorRequest] onto endpoint [public com.example.crudapp.soap.DeleteProfessorResponse com.example.crudapp.soap.CrudEndpoint.deleteProfessor(com.example.crudapp.soap.DeleteProfessorRequest)]
2025-10-02T23:34:02.314-03:00 DEBUG 22272 --- [           main] yloadRootAnnotationMethodEndpointMapping : Mapped [{http://example.com/crudapp/soap}UpdateStudentRequest] onto endpoint [public com.example.crudapp.soap.UpdateStudentResponse com.example.crudapp.soap.CrudEndpoint.updateStudent(com.example.crudapp.soap.UpdateStudentRequest)]
2025-10-02T23:34:02.314-03:00 DEBUG 22272 --- [           main] yloadRootAnnotationMethodEndpointMapping : Mapped [{http://example.com/crudapp/soap}DeleteStudentRequest] onto endpoint [public com.example.crudapp.soap.DeleteStudentResponse com.example.crudapp.soap.CrudEndpoint.deleteStudent(com.example.crudapp.soap.DeleteStudentRequest)]
2025-10-02T23:34:02.314-03:00 DEBUG 22272 --- [           main] yloadRootAnnotationMethodEndpointMapping : Mapped [{http://example.com/crudapp/soap}GetStudentByIdRequest] onto endpoint [public com.example.crudapp.soap.GetStudentByIdResponse com.example.crudapp.soap.CrudEndpoint.getStudentById(com.example.crudapp.soap.GetStudentByIdRequest)]
2025-10-02T23:34:02.315-03:00 DEBUG 22272 --- [           main] yloadRootAnnotationMethodEndpointMapping : Mapped [{http://example.com/crudapp/soap}CreateStudentRequest] onto endpoint [public com.example.crudapp.soap.CreateStudentResponse com.example.crudapp.soap.CrudEndpoint.createStudent(com.example.crudapp.soap.CreateStudentRequest)]
2025-10-02T23:34:02.316-03:00 DEBUG 22272 --- [           main] yloadRootAnnotationMethodEndpointMapping : Mapped [{http://example.com/crudapp/soap}GetAllStudentsRequest] onto endpoint [public com.example.crudapp.soap.GetAllStudentsResponse com.example.crudapp.soap.CrudEndpoint.getAllStudents(com.example.crudapp.soap.GetAllStudentsRequest)]
2025-10-02T23:34:02.316-03:00 DEBUG 22272 --- [           main] yloadRootAnnotationMethodEndpointMapping : Mapped [{http://example.com/crudapp/soap}DeletePersonRequest] onto endpoint [public com.example.crudapp.soap.DeletePersonResponse com.example.crudapp.soap.PersonSoapEndpoint.deletePerson(com.example.crudapp.soap.DeletePersonRequest)]
2025-10-02T23:34:02.316-03:00 DEBUG 22272 --- [           main] yloadRootAnnotationMethodEndpointMapping : Mapped [{http://example.com/crudapp/soap}GetAllPersonsRequest] onto endpoint [public com.example.crudapp.soap.GetAllPersonsResponse com.example.crudapp.soap.PersonSoapEndpoint.getAllPersons(com.example.crudapp.soap.GetAllPersonsRequest)]
2025-10-02T23:34:02.316-03:00 DEBUG 22272 --- [           main] yloadRootAnnotationMethodEndpointMapping : Mapped [{http://example.com/crudapp/soap}CreatePersonRequest] onto endpoint [public com.example.crudapp.soap.CreatePersonResponse com.example.crudapp.soap.PersonSoapEndpoint.createPerson(com.example.crudapp.soap.CreatePersonRequest)]
2025-10-02T23:34:02.316-03:00 DEBUG 22272 --- [           main] yloadRootAnnotationMethodEndpointMapping : Mapped [{http://example.com/crudapp/soap}UpdatePersonRequest] onto endpoint [public com.example.crudapp.soap.UpdatePersonResponse com.example.crudapp.soap.PersonSoapEndpoint.updatePerson(com.example.crudapp.soap.UpdatePersonRequest)]
2025-10-02T23:34:02.317-03:00 DEBUG 22272 --- [           main] yloadRootAnnotationMethodEndpointMapping : Mapped [{http://example.com/crudapp/soap}GetPersonByIdRequest] onto endpoint [public com.example.crudapp.soap.GetPersonByIdResponse com.example.crudapp.soap.PersonSoapEndpoint.getPersonById(com.example.crudapp.soap.GetPersonByIdRequest)]
2025-10-02T23:34:02.322-03:00 DEBUG 22272 --- [           main] oapActionAnnotationMethodEndpointMapping : Looking for endpoints in application context: org.springframework.web.context.support.GenericWebApplicationContext@5c70eda4, started on Thu Oct 02 23:34:01 ART 2025
2025-10-02T23:34:02.331-03:00 DEBUG 22272 --- [           main] o.s.w.s.e.a.DefaultMethodEndpointAdapter : No MethodArgumentResolvers set, using defaults: [org.springframework.ws.server.endpoint.adapter.method.dom.DomPayloadMethodProcessor@4f290f46, org.springframework.ws.server.endpoint.adapter.method.MessageContextMethodArgumentResolver@2bfe398b, org.springframework.ws.server.endpoint.adapter.method.SourcePayloadMethodProcessor@4a23be9, org.springframework.ws.server.endpoint.adapter.method.XPathParamMethodArgumentResolver@20d1737, org.springframework.ws.soap.server.endpoint.adapter.method.SoapMethodArgumentResolver@5d96b0f, org.springframework.ws.soap.server.endpoint.adapter.method.SoapHeaderElementMethodArgumentResolver@5f31385e, org.springframework.ws.server.endpoint.adapter.method.jaxb.XmlRootElementPayloadMethodProcessor@4a592d22, org.springframework.ws.server.endpoint.adapter.method.jaxb.JaxbElementPayloadMethodProcessor@20072ff1, org.springframework.ws.server.endpoint.adapter.method.StaxPayloadMethodArgumentResolver@6e48b9ed]
2025-10-02T23:34:02.333-03:00 DEBUG 22272 --- [           main] o.s.w.s.e.a.DefaultMethodEndpointAdapter : No MethodReturnValueHandlers set, using defaults: [org.springframework.ws.server.endpoint.adapter.method.dom.DomPayloadMethodProcessor@38ed9fb2, org.springframework.ws.server.endpoint.adapter.method.SourcePayloadMethodProcessor@3bde85b0, org.springframework.ws.server.endpoint.adapter.method.jaxb.XmlRootElementPayloadMethodProcessor@22bf4d9d, org.springframework.ws.server.endpoint.adapter.method.jaxb.JaxbElementPayloadMethodProcessor@9930ff6]
2025-10-02T23:34:02.339-03:00 DEBUG 22272 --- [           main] o.s.oxm.jaxb.Jaxb2Marshaller             : Creating JAXBContext by scanning packages [com.example.crudapp.soap]
2025-10-02T23:34:02.354-03:00 DEBUG 22272 --- [           main] o.s.oxm.jaxb.Jaxb2Marshaller             : Found JAXB2 classes: [class com.example.crudapp.soap.AddressSoapDTO,class com.example.crudapp.soap.CreatePersonRequest,class com.example.crudapp.soap.CreatePersonResponse,class com.example.crudapp.soap.CreateProfessorRequest,class com.example.crudapp.soap.CreateProfessorResponse,class com.example.crudapp.soap.CreateStudentRequest,class com.example.crudapp.soap.CreateStudentResponse,class com.example.crudapp.soap.DeletePersonRequest,class com.example.crudapp.soap.DeletePersonResponse,class com.example.crudapp.soap.DeleteProfessorRequest,class com.example.crudapp.soap.DeleteProfessorResponse,class com.example.crudapp.soap.DeleteStudentRequest,class com.example.crudapp.soap.DeleteStudentResponse,class com.example.crudapp.soap.GetAllAddressesRequest,class com.example.crudapp.soap.GetAllAddressesResponse,class com.example.crudapp.soap.GetAllPersonsRequest,class com.example.crudapp.soap.GetAllPersonsResponse,class com.example.crudapp.soap.GetAllProfessorsRequest,class com.example.crudapp.soap.GetAllProfessorsResponse,class com.example.crudapp.soap.GetAllStudentsRequest,class com.example.crudapp.soap.GetAllStudentsResponse,class com.example.crudapp.soap.GetPersonByIdRequest,class com.example.crudapp.soap.GetPersonByIdResponse,class com.example.crudapp.soap.GetProfessorByIdRequest,class com.example.crudapp.soap.GetProfessorByIdResponse,class com.example.crudapp.soap.GetStudentByIdRequest,class com.example.crudapp.soap.GetStudentByIdResponse,class com.example.crudapp.soap.PersonSoapDTO,class com.example.crudapp.soap.ProfessorSoapDTO,class com.example.crudapp.soap.StudentSoapDTO,class com.example.crudapp.soap.UpdatePersonRequest,class com.example.crudapp.soap.UpdatePersonResponse,class com.example.crudapp.soap.UpdateProfessorRequest,class com.example.crudapp.soap.UpdateProfessorResponse,class com.example.crudapp.soap.UpdateStudentRequest,class com.example.crudapp.soap.UpdateStudentResponse]
2025-10-02T23:34:02.443-03:00  INFO 22272 --- [           main] o.s.b.a.h2.H2ConsoleAutoConfiguration    : H2 console available at '/h2-console'. Database available at 'jdbc:h2:mem:testdb'
2025-10-02T23:34:02.469-03:00  INFO 22272 --- [           main] c.e.crudapp.CrudAppApplicationTests      : Started CrudAppApplicationTests in 0.829 seconds (process running for 8.5)
]]></system-out>
  </testcase>
</testsuite>